2022-09-05 17:05:56.760 INFO  [acme.Launcher@main] Starting Launcher using Java 1.8.0_281 on DESKTOP-KKMEC2E with PID 5496 (E:\git\Workspace-22.0\Frameworks\Acme-Framework-22.7\target\classes started by Usuario in C:\Users\Usuario\git\Acme-Recipes-22.8) 
2022-09-05 17:05:56.761 DEBUG [acme.Launcher@main] Running with Spring Boot v2.4.2, Spring v5.3.3 
2022-09-05 17:05:56.763 INFO  [acme.Launcher@main] The following profiles are active: development,default 
2022-09-05 17:05:58.838 DEBUG [org.apache.jasper.servlet.JasperInitializer@main] Initializing Jasper for context [application] 
2022-09-05 17:06:03.217 DEBUG [org.apache.jasper.servlet.JspServlet@main] Scratch dir for the JSP engine is: [C:\Users\Usuario\AppData\Local\Temp\tomcat.8080.747773321067135102\work\Tomcat\localhost\Acme-Recipes-22.8] 
2022-09-05 17:06:03.218 DEBUG [org.apache.jasper.servlet.JspServlet@main] IMPORTANT: Do not modify the generated servlets 
2022-09-05 17:06:03.228 INFO  [acme.Launcher@main] Started Launcher in 7.077 seconds (JVM running for 7.645) 
2022-09-05 17:06:03.233 DEBUG [acme.Launcher@main] Found classpath entry '/C:/Users/Usuario/git/Acme-Recipes-22.8/target/test-classes/' 
2022-09-05 17:06:03.233 DEBUG [acme.Launcher@main] Found classpath entry '/C:/Users/Usuario/git/Acme-Recipes-22.8/target/classes/' 
2022-09-05 17:06:03.233 DEBUG [acme.Launcher@main] Found classpath entry '/E:/git/Workspace-22.0/Frameworks/Acme-Framework-22.7/target/classes/' 
2022-09-05 17:06:03.233 DEBUG [acme.Launcher@main] Found classpath entry '/E:/git/Workspace-22.0/Frameworks/Acme-Framework-22.7/target/test-classes/' 
2022-09-05 17:06:03.233 DEBUG [acme.Launcher@main] Found classpath entry '/C:/Users/Usuario/.m2/repository/org/springframework/boot/spring-boot-starter-tomcat/2.4.2/spring-boot-starter-tomcat-2.4.2.jar' 
2022-09-05 17:06:03.233 DEBUG [acme.Launcher@main] Found classpath entry '/C:/Users/Usuario/.m2/repository/jakarta/annotation/jakarta.annotation-api/1.3.5/jakarta.annotation-api-1.3.5.jar' 
2022-09-05 17:06:03.234 DEBUG [acme.Launcher@main] Found classpath entry '/C:/Users/Usuario/.m2/repository/org/apache/tomcat/embed/tomcat-embed-core/9.0.41/tomcat-embed-core-9.0.41.jar' 
2022-09-05 17:06:03.234 DEBUG [acme.Launcher@main] Found classpath entry '/C:/Users/Usuario/.m2/repository/org/glassfish/jakarta.el/3.0.3/jakarta.el-3.0.3.jar' 
2022-09-05 17:06:03.234 DEBUG [acme.Launcher@main] Found classpath entry '/C:/Users/Usuario/.m2/repository/org/apache/tomcat/embed/tomcat-embed-websocket/9.0.41/tomcat-embed-websocket-9.0.41.jar' 
2022-09-05 17:06:03.234 DEBUG [acme.Launcher@main] Found classpath entry '/C:/Users/Usuario/.m2/repository/org/apache/tomcat/embed/tomcat-embed-jasper/9.0.41/tomcat-embed-jasper-9.0.41.jar' 
2022-09-05 17:06:03.234 DEBUG [acme.Launcher@main] Found classpath entry '/C:/Users/Usuario/.m2/repository/org/apache/tomcat/embed/tomcat-embed-el/9.0.41/tomcat-embed-el-9.0.41.jar' 
2022-09-05 17:06:03.234 DEBUG [acme.Launcher@main] Found classpath entry '/C:/Users/Usuario/.m2/repository/org/eclipse/jdt/ecj/3.18.0/ecj-3.18.0.jar' 
2022-09-05 17:06:03.235 DEBUG [acme.Launcher@main] Found classpath entry '/C:/Users/Usuario/.m2/repository/javax/servlet/jstl/1.2/jstl-1.2.jar' 
2022-09-05 17:06:03.235 DEBUG [acme.Launcher@main] Found classpath entry '/C:/Users/Usuario/.m2/repository/org/springframework/boot/spring-boot-starter-security/2.4.2/spring-boot-starter-security-2.4.2.jar' 
2022-09-05 17:06:03.235 DEBUG [acme.Launcher@main] Found classpath entry '/C:/Users/Usuario/.m2/repository/org/springframework/boot/spring-boot-starter/2.4.2/spring-boot-starter-2.4.2.jar' 
2022-09-05 17:06:03.235 DEBUG [acme.Launcher@main] Found classpath entry '/C:/Users/Usuario/.m2/repository/org/springframework/boot/spring-boot/2.4.2/spring-boot-2.4.2.jar' 
2022-09-05 17:06:03.235 DEBUG [acme.Launcher@main] Found classpath entry '/C:/Users/Usuario/.m2/repository/org/springframework/boot/spring-boot-autoconfigure/2.4.2/spring-boot-autoconfigure-2.4.2.jar' 
2022-09-05 17:06:03.235 DEBUG [acme.Launcher@main] Found classpath entry '/C:/Users/Usuario/.m2/repository/org/springframework/boot/spring-boot-starter-logging/2.4.2/spring-boot-starter-logging-2.4.2.jar' 
2022-09-05 17:06:03.236 DEBUG [acme.Launcher@main] Found classpath entry '/C:/Users/Usuario/.m2/repository/ch/qos/logback/logback-classic/1.2.3/logback-classic-1.2.3.jar' 
2022-09-05 17:06:03.236 DEBUG [acme.Launcher@main] Found classpath entry '/C:/Users/Usuario/.m2/repository/ch/qos/logback/logback-core/1.2.3/logback-core-1.2.3.jar' 
2022-09-05 17:06:03.236 DEBUG [acme.Launcher@main] Found classpath entry '/C:/Users/Usuario/.m2/repository/org/apache/logging/log4j/log4j-to-slf4j/2.13.3/log4j-to-slf4j-2.13.3.jar' 
2022-09-05 17:06:03.236 DEBUG [acme.Launcher@main] Found classpath entry '/C:/Users/Usuario/.m2/repository/org/apache/logging/log4j/log4j-api/2.13.3/log4j-api-2.13.3.jar' 
2022-09-05 17:06:03.236 DEBUG [acme.Launcher@main] Found classpath entry '/C:/Users/Usuario/.m2/repository/org/slf4j/jul-to-slf4j/1.7.30/jul-to-slf4j-1.7.30.jar' 
2022-09-05 17:06:03.236 DEBUG [acme.Launcher@main] Found classpath entry '/C:/Users/Usuario/.m2/repository/org/yaml/snakeyaml/1.27/snakeyaml-1.27.jar' 
2022-09-05 17:06:03.236 DEBUG [acme.Launcher@main] Found classpath entry '/C:/Users/Usuario/.m2/repository/org/springframework/spring-aop/5.3.3/spring-aop-5.3.3.jar' 
2022-09-05 17:06:03.237 DEBUG [acme.Launcher@main] Found classpath entry '/C:/Users/Usuario/.m2/repository/org/springframework/security/spring-security-web/5.4.2/spring-security-web-5.4.2.jar' 
2022-09-05 17:06:03.237 DEBUG [acme.Launcher@main] Found classpath entry '/C:/Users/Usuario/.m2/repository/org/springframework/security/spring-security-core/5.4.2/spring-security-core-5.4.2.jar' 
2022-09-05 17:06:03.237 DEBUG [acme.Launcher@main] Found classpath entry '/C:/Users/Usuario/.m2/repository/org/springframework/spring-beans/5.3.3/spring-beans-5.3.3.jar' 
2022-09-05 17:06:03.237 DEBUG [acme.Launcher@main] Found classpath entry '/C:/Users/Usuario/.m2/repository/org/springframework/spring-context/5.3.3/spring-context-5.3.3.jar' 
2022-09-05 17:06:03.237 DEBUG [acme.Launcher@main] Found classpath entry '/C:/Users/Usuario/.m2/repository/org/springframework/spring-core/5.3.3/spring-core-5.3.3.jar' 
2022-09-05 17:06:03.237 DEBUG [acme.Launcher@main] Found classpath entry '/C:/Users/Usuario/.m2/repository/org/springframework/spring-jcl/5.3.3/spring-jcl-5.3.3.jar' 
2022-09-05 17:06:03.237 DEBUG [acme.Launcher@main] Found classpath entry '/C:/Users/Usuario/.m2/repository/org/springframework/spring-expression/5.3.3/spring-expression-5.3.3.jar' 
2022-09-05 17:06:03.238 DEBUG [acme.Launcher@main] Found classpath entry '/C:/Users/Usuario/.m2/repository/org/springframework/spring-web/5.3.3/spring-web-5.3.3.jar' 
2022-09-05 17:06:03.238 DEBUG [acme.Launcher@main] Found classpath entry '/C:/Users/Usuario/.m2/repository/org/springframework/security/spring-security-config/5.4.2/spring-security-config-5.4.2.jar' 
2022-09-05 17:06:03.238 DEBUG [acme.Launcher@main] Found classpath entry '/C:/Users/Usuario/.m2/repository/org/springframework/security/spring-security-taglibs/5.4.2/spring-security-taglibs-5.4.2.jar' 
2022-09-05 17:06:03.238 DEBUG [acme.Launcher@main] Found classpath entry '/C:/Users/Usuario/.m2/repository/org/springframework/security/spring-security-acl/5.4.2/spring-security-acl-5.4.2.jar' 
2022-09-05 17:06:03.238 DEBUG [acme.Launcher@main] Found classpath entry '/C:/Users/Usuario/.m2/repository/org/springframework/spring-jdbc/5.3.3/spring-jdbc-5.3.3.jar' 
2022-09-05 17:06:03.238 DEBUG [acme.Launcher@main] Found classpath entry '/C:/Users/Usuario/.m2/repository/org/springframework/spring-tx/5.3.3/spring-tx-5.3.3.jar' 
2022-09-05 17:06:03.238 DEBUG [acme.Launcher@main] Found classpath entry '/C:/Users/Usuario/.m2/repository/org/springframework/boot/spring-boot-starter-web/2.4.2/spring-boot-starter-web-2.4.2.jar' 
2022-09-05 17:06:03.238 DEBUG [acme.Launcher@main] Found classpath entry '/C:/Users/Usuario/.m2/repository/org/springframework/boot/spring-boot-starter-json/2.4.2/spring-boot-starter-json-2.4.2.jar' 
2022-09-05 17:06:03.239 DEB